INFO 2026-03-25 13:37:35,678 autoreload 19048 34792 Watching for file changes with StatReloader
INFO 2026-03-25 13:38:17,906 log 19048 26692 "OPTIONS /api/departments/ HTTP/1.1" 200 0
INFO 2026-03-25 13:38:17,908 log 19048 9264 "OPTIONS /api/departments/ HTTP/1.1" 200 0
WARNING 2026-03-25 13:38:17,952 log 19048 26692 "GET /api/departments/ HTTP/1.1" 401 172
WARNING 2026-03-25 13:38:17,955 log 19048 26692 "GET /api/departments/ HTTP/1.1" 401 172
INFO 2026-03-25 13:38:17,956 log 19048 9264 "OPTIONS /api/auth/refresh/ HTTP/1.1" 200 0
WARNING 2026-03-25 13:38:17,960 log 19048 9264 "POST /api/auth/refresh/ HTTP/1.1" 401 54
WARNING 2026-03-25 13:38:17,960 log 19048 26692 "POST /api/auth/refresh/ HTTP/1.1" 401 54
INFO 2026-03-25 13:38:30,167 log 19048 26692 "OPTIONS /api/auth/login/ HTTP/1.1" 200 0
INFO 2026-03-25 13:38:30,764 log 19048 26692 "POST /api/auth/login/ HTTP/1.1" 200 587
INFO 2026-03-25 13:38:30,771 log 19048 26692 "OPTIONS /api/auth/profile/ HTTP/1.1" 200 0
INFO 2026-03-25 13:38:30,786 log 19048 26692 "GET /api/auth/profile/ HTTP/1.1" 200 135
INFO 2026-03-25 13:38:42,624 log 19048 26692 "GET /api/departments/ HTTP/1.1" 200 2
INFO 2026-03-25 13:38:42,627 log 19048 26692 "GET /api/departments/ HTTP/1.1" 200 2
INFO 2026-03-25 13:38:50,595 log 19048 26692 "POST /api/departments/ HTTP/1.1" 201 132
INFO 2026-03-25 13:38:53,435 log 19048 26692 "OPTIONS /api/departments/1/ HTTP/1.1" 200 0
WARNING 2026-03-25 13:38:53,438 log 19048 26692 "DELETE /api/departments/1/ HTTP/1.1" 403 62
WARNING 2026-03-25 13:39:25,512 log 19048 26692 "DELETE /api/departments/1/ HTTP/1.1" 403 62
INFO 2026-03-25 13:39:27,719 log 19048 26692 "GET /api/departments/ HTTP/1.1" 200 134
INFO 2026-03-25 13:39:27,720 log 19048 26692 "GET /api/departments/ HTTP/1.1" 200 134
INFO 2026-03-25 13:39:28,451 log 19048 26692 "GET /api/departments/ HTTP/1.1" 200 134
INFO 2026-03-25 13:39:28,458 log 19048 26692 "GET /api/departments/ HTTP/1.1" 200 134
INFO 2026-03-25 13:39:29,188 log 19048 26692 "OPTIONS /api/employees/ HTTP/1.1" 200 0
INFO 2026-03-25 13:39:29,193 log 19048 20432 "OPTIONS /api/employees/ HTTP/1.1" 200 0
INFO 2026-03-25 13:39:29,196 log 19048 26692 "GET /api/employees/ HTTP/1.1" 200 2
INFO 2026-03-25 13:39:29,201 log 19048 9264 "GET /api/departments/ HTTP/1.1" 200 134
INFO 2026-03-25 13:39:29,201 log 19048 26692 "GET /api/employees/ HTTP/1.1" 200 2
INFO 2026-03-25 13:39:29,207 log 19048 9264 "GET /api/departments/ HTTP/1.1" 200 134
INFO 2026-03-25 13:39:35,028 log 19048 9264 "GET /api/departments/ HTTP/1.1" 200 134
INFO 2026-03-25 13:39:35,032 log 19048 9264 "GET /api/departments/ HTTP/1.1" 200 134
WARNING 2026-03-25 13:39:39,259 log 19048 9264 "DELETE /api/departments/1/ HTTP/1.1" 403 62
INFO 2026-03-25 13:41:00,324 autoreload 19048 34792 C:\Users\DAUD.TUFGAMING\Intranet\intranet_backend\departments\views.py changed, reloading.
INFO 2026-03-25 13:41:01,730 autoreload 20188 10544 Watching for file changes with StatReloader
INFO 2026-03-25 13:42:16,018 autoreload 20188 10544 C:\Users\DAUD.TUFGAMING\Intranet\intranet_backend\departments\views.py changed, reloading.
INFO 2026-03-25 13:42:17,379 autoreload 21740 7876 Watching for file changes with StatReloader
INFO 2026-03-25 13:43:09,070 autoreload 21740 7876 C:\Users\DAUD.TUFGAMING\Intranet\intranet_backend\employees\views.py changed, reloading.
INFO 2026-03-25 13:43:10,440 autoreload 14516 25284 Watching for file changes with StatReloader
INFO 2026-03-25 13:43:27,737 autoreload 14516 25284 C:\Users\DAUD.TUFGAMING\Intranet\intranet_backend\employees\views.py changed, reloading.
INFO 2026-03-25 13:43:29,084 autoreload 12048 15200 Watching for file changes with StatReloader
INFO 2026-03-25 13:44:33,630 log 12048 17008 "DELETE /api/departments/1/ HTTP/1.1" 204 0
INFO 2026-03-25 13:44:39,344 log 12048 17008 "GET /api/departments/ HTTP/1.1" 200 2
INFO 2026-03-25 13:44:39,346 log 12048 17008 "GET /api/departments/ HTTP/1.1" 200 2
INFO 2026-03-25 13:44:50,128 log 12048 17008 "POST /api/departments/ HTTP/1.1" 201 130
INFO 2026-03-25 13:44:52,222 log 12048 17008 "OPTIONS /api/departments/2/ HTTP/1.1" 200 0
INFO 2026-03-25 13:44:52,232 log 12048 17008 "DELETE /api/departments/2/ HTTP/1.1" 204 0
INFO 2026-03-25 13:44:53,442 log 12048 17008 "GET /api/departments/ HTTP/1.1" 200 2
INFO 2026-03-25 13:44:53,447 log 12048 17008 "GET /api/departments/ HTTP/1.1" 200 2
INFO 2026-03-25 13:44:53,447 log 12048 32140 "GET /api/employees/ HTTP/1.1" 200 2
INFO 2026-03-25 13:44:53,452 log 12048 32140 "GET /api/employees/ HTTP/1.1" 200 2
INFO 2026-03-25 13:44:55,327 log 12048 32140 "GET /api/departments/ HTTP/1.1" 200 2
INFO 2026-03-25 13:44:55,331 log 12048 32140 "GET /api/departments/ HTTP/1.1" 200 2
INFO 2026-03-25 13:45:02,389 log 12048 32140 "POST /api/departments/ HTTP/1.1" 201 130
INFO 2026-03-25 13:45:04,165 log 12048 17008 "GET /api/employees/ HTTP/1.1" 200 2
INFO 2026-03-25 13:45:04,166 log 12048 32140 "GET /api/departments/ HTTP/1.1" 200 132
INFO 2026-03-25 13:45:04,169 log 12048 32140 "GET /api/departments/ HTTP/1.1" 200 132
INFO 2026-03-25 13:45:04,169 log 12048 17008 "GET /api/employees/ HTTP/1.1" 200 2
INFO 2026-03-25 13:45:40,496 log 12048 32140 "POST /api/employees/ HTTP/1.1" 201 132
INFO 2026-03-25 13:45:46,418 log 12048 32140 "OPTIONS /api/employees/1/ HTTP/1.1" 200 0
INFO 2026-03-25 13:45:46,443 log 12048 32140 "DELETE /api/employees/1/ HTTP/1.1" 204 0
INFO 2026-03-25 13:45:50,604 log 12048 32140 "GET /api/departments/ HTTP/1.1" 200 132
INFO 2026-03-25 13:45:50,609 log 12048 32140 "GET /api/departments/ HTTP/1.1" 200 132
INFO 2026-03-25 13:45:52,274 log 12048 32140 "OPTIONS /api/departments/3/ HTTP/1.1" 200 0
INFO 2026-03-25 13:45:52,285 log 12048 32140 "DELETE /api/departments/3/ HTTP/1.1" 204 0
INFO 2026-03-25 13:45:53,028 log 12048 32140 "OPTIONS /api/tickets/ HTTP/1.1" 200 0
INFO 2026-03-25 13:45:53,029 log 12048 17008 "OPTIONS /api/tickets/ HTTP/1.1" 200 0
INFO 2026-03-25 13:45:53,036 log 12048 32140 "GET /api/employees/ HTTP/1.1" 200 2
INFO 2026-03-25 13:45:53,036 log 12048 22224 "GET /api/departments/ HTTP/1.1" 200 2
INFO 2026-03-25 13:45:53,043 log 12048 32140 "GET /api/employees/ HTTP/1.1" 200 2
INFO 2026-03-25 13:45:53,047 log 12048 22224 "GET /api/departments/ HTTP/1.1" 200 2
ERROR 2026-03-25 13:45:53,147 log 12048 17008 Internal Server Error: /api/tickets/
Traceback (most recent call last):
  File "C:\Users\DAUD.TUFGAMING\Intranet\.venv\Lib\site-packages\django\core\handlers\exception.py", line 55, in inner
    response = get_response(request)
               ^^^^^^^^^^^^^^^^^^^^^
  File "C:\Users\DAUD.TUFGAMING\Intranet\.venv\Lib\site-packages\django\core\handlers\base.py", line 198, in _get_response
    response = wrapped_callback(request, *callback_args, **callback_kwargs)
               ^^^^^^^^^^^^^^^^^^^^^^^^^^^^^^^^^^^^^^^^^^^^^^^^^^^^^^^^^^^^
  File "C:\Users\DAUD.TUFGAMING\Intranet\.venv\Lib\site-packages\django\views\decorators\csrf.py", line 65, in _view_wrapper
    return view_func(request, *args, **kwargs)
           ^^^^^^^^^^^^^^^^^^^^^^^^^^^^^^^^^^^
  File "C:\Users\DAUD.TUFGAMING\Intranet\.venv\Lib\site-packages\rest_framework\viewsets.py", line 125, in view
    return self.dispatch(request, *args, **kwargs)
           ^^^^^^^^^^^^^^^^^^^^^^^^^^^^^^^^^^^^^^^
  File "C:\Users\DAUD.TUFGAMING\Intranet\.venv\Lib\site-packages\rest_framework\views.py", line 515, in dispatch
    response = self.handle_exception(exc)
               ^^^^^^^^^^^^^^^^^^^^^^^^^^
  File "C:\Users\DAUD.TUFGAMING\Intranet\.venv\Lib\site-packages\rest_framework\views.py", line 475, in handle_exception
    self.raise_uncaught_exception(exc)
  File "C:\Users\DAUD.TUFGAMING\Intranet\.venv\Lib\site-packages\rest_framework\views.py", line 486, in raise_uncaught_exception
    raise exc
  File "C:\Users\DAUD.TUFGAMING\Intranet\.venv\Lib\site-packages\rest_framework\views.py", line 503, in dispatch
    self.initial(request, *args, **kwargs)
  File "C:\Users\DAUD.TUFGAMING\Intranet\.venv\Lib\site-packages\rest_framework\views.py", line 421, in initial
    self.check_permissions(request)
  File "C:\Users\DAUD.TUFGAMING\Intranet\.venv\Lib\site-packages\rest_framework\views.py", line 337, in check_permissions
    for permission in self.get_permissions():
                      ^^^^^^^^^^^^^^^^^^^^^^
  File "C:\Users\DAUD.TUFGAMING\Intranet\intranet_backend\tickets\views.py", line 19, in get_permissions
    return [IsAuthenticated()]
            ^^^^^^^^^^^^^^^
NameError: name 'IsAuthenticated' is not defined
ERROR 2026-03-25 13:45:53,154 log 12048 17008 "GET /api/tickets/ HTTP/1.1" 500 116122
ERROR 2026-03-25 13:45:53,175 log 12048 22224 Internal Server Error: /api/tickets/
Traceback (most recent call last):
  File "C:\Users\DAUD.TUFGAMING\Intranet\.venv\Lib\site-packages\django\core\handlers\exception.py", line 55, in inner
    response = get_response(request)
               ^^^^^^^^^^^^^^^^^^^^^
  File "C:\Users\DAUD.TUFGAMING\Intranet\.venv\Lib\site-packages\django\core\handlers\base.py", line 198, in _get_response
    response = wrapped_callback(request, *callback_args, **callback_kwargs)
               ^^^^^^^^^^^^^^^^^^^^^^^^^^^^^^^^^^^^^^^^^^^^^^^^^^^^^^^^^^^^
  File "C:\Users\DAUD.TUFGAMING\Intranet\.venv\Lib\site-packages\django\views\decorators\csrf.py", line 65, in _view_wrapper
    return view_func(request, *args, **kwargs)
           ^^^^^^^^^^^^^^^^^^^^^^^^^^^^^^^^^^^
  File "C:\Users\DAUD.TUFGAMING\Intranet\.venv\Lib\site-packages\rest_framework\viewsets.py", line 125, in view
    return self.dispatch(request, *args, **kwargs)
           ^^^^^^^^^^^^^^^^^^^^^^^^^^^^^^^^^^^^^^^
  File "C:\Users\DAUD.TUFGAMING\Intranet\.venv\Lib\site-packages\rest_framework\views.py", line 515, in dispatch
    response = self.handle_exception(exc)
               ^^^^^^^^^^^^^^^^^^^^^^^^^^
  File "C:\Users\DAUD.TUFGAMING\Intranet\.venv\Lib\site-packages\rest_framework\views.py", line 475, in handle_exception
    self.raise_uncaught_exception(exc)
  File "C:\Users\DAUD.TUFGAMING\Intranet\.venv\Lib\site-packages\rest_framework\views.py", line 486, in raise_uncaught_exception
    raise exc
  File "C:\Users\DAUD.TUFGAMING\Intranet\.venv\Lib\site-packages\rest_framework\views.py", line 503, in dispatch
    self.initial(request, *args, **kwargs)
  File "C:\Users\DAUD.TUFGAMING\Intranet\.venv\Lib\site-packages\rest_framework\views.py", line 421, in initial
    self.check_permissions(request)
  File "C:\Users\DAUD.TUFGAMING\Intranet\.venv\Lib\site-packages\rest_framework\views.py", line 337, in check_permissions
    for permission in self.get_permissions():
                      ^^^^^^^^^^^^^^^^^^^^^^
  File "C:\Users\DAUD.TUFGAMING\Intranet\intranet_backend\tickets\views.py", line 19, in get_permissions
    return [IsAuthenticated()]
            ^^^^^^^^^^^^^^^
NameError: name 'IsAuthenticated' is not defined
ERROR 2026-03-25 13:45:53,180 log 12048 22224 "GET /api/tickets/ HTTP/1.1" 500 116122
INFO 2026-03-25 13:46:34,776 log 12048 22224 "GET /api/departments/ HTTP/1.1" 200 2
INFO 2026-03-25 13:46:34,780 log 12048 22224 "GET /api/departments/ HTTP/1.1" 200 2
INFO 2026-03-25 13:46:41,367 log 12048 22224 "POST /api/departments/ HTTP/1.1" 201 137
INFO 2026-03-25 13:46:42,742 log 12048 22224 "GET /api/employees/ HTTP/1.1" 200 2
INFO 2026-03-25 13:46:42,742 log 12048 17008 "GET /api/departments/ HTTP/1.1" 200 139
INFO 2026-03-25 13:46:42,751 log 12048 17008 "GET /api/employees/ HTTP/1.1" 200 2
INFO 2026-03-25 13:46:42,752 log 12048 22224 "GET /api/departments/ HTTP/1.1" 200 139
INFO 2026-03-25 13:46:43,145 log 12048 17008 "GET /api/departments/ HTTP/1.1" 200 139
INFO 2026-03-25 13:46:43,146 log 12048 32140 "GET /api/employees/ HTTP/1.1" 200 2
INFO 2026-03-25 13:46:43,152 log 12048 17008 "GET /api/employees/ HTTP/1.1" 200 2
INFO 2026-03-25 13:46:43,154 log 12048 31952 "GET /api/departments/ HTTP/1.1" 200 139
ERROR 2026-03-25 13:46:43,174 log 12048 22224 Internal Server Error: /api/tickets/
Traceback (most recent call last):
  File "C:\Users\DAUD.TUFGAMING\Intranet\.venv\Lib\site-packages\django\core\handlers\exception.py", line 55, in inner
    response = get_response(request)
               ^^^^^^^^^^^^^^^^^^^^^
  File "C:\Users\DAUD.TUFGAMING\Intranet\.venv\Lib\site-packages\django\core\handlers\base.py", line 198, in _get_response
    response = wrapped_callback(request, *callback_args, **callback_kwargs)
               ^^^^^^^^^^^^^^^^^^^^^^^^^^^^^^^^^^^^^^^^^^^^^^^^^^^^^^^^^^^^
  File "C:\Users\DAUD.TUFGAMING\Intranet\.venv\Lib\site-packages\django\views\decorators\csrf.py", line 65, in _view_wrapper
    return view_func(request, *args, **kwargs)
           ^^^^^^^^^^^^^^^^^^^^^^^^^^^^^^^^^^^
  File "C:\Users\DAUD.TUFGAMING\Intranet\.venv\Lib\site-packages\rest_framework\viewsets.py", line 125, in view
    return self.dispatch(request, *args, **kwargs)
           ^^^^^^^^^^^^^^^^^^^^^^^^^^^^^^^^^^^^^^^
  File "C:\Users\DAUD.TUFGAMING\Intranet\.venv\Lib\site-packages\rest_framework\views.py", line 515, in dispatch
    response = self.handle_exception(exc)
               ^^^^^^^^^^^^^^^^^^^^^^^^^^
  File "C:\Users\DAUD.TUFGAMING\Intranet\.venv\Lib\site-packages\rest_framework\views.py", line 475, in handle_exception
    self.raise_uncaught_exception(exc)
  File "C:\Users\DAUD.TUFGAMING\Intranet\.venv\Lib\site-packages\rest_framework\views.py", line 486, in raise_uncaught_exception
    raise exc
  File "C:\Users\DAUD.TUFGAMING\Intranet\.venv\Lib\site-packages\rest_framework\views.py", line 503, in dispatch
    self.initial(request, *args, **kwargs)
  File "C:\Users\DAUD.TUFGAMING\Intranet\.venv\Lib\site-packages\rest_framework\views.py", line 421, in initial
    self.check_permissions(request)
  File "C:\Users\DAUD.TUFGAMING\Intranet\.venv\Lib\site-packages\rest_framework\views.py", line 337, in check_permissions
    for permission in self.get_permissions():
                      ^^^^^^^^^^^^^^^^^^^^^^
  File "C:\Users\DAUD.TUFGAMING\Intranet\intranet_backend\tickets\views.py", line 19, in get_permissions
    return [IsAuthenticated()]
            ^^^^^^^^^^^^^^^
NameError: name 'IsAuthenticated' is not defined
ERROR 2026-03-25 13:46:43,174 log 12048 22224 "GET /api/tickets/ HTTP/1.1" 500 116122
ERROR 2026-03-25 13:46:43,202 log 12048 31952 Internal Server Error: /api/tickets/
Traceback (most recent call last):
  File "C:\Users\DAUD.TUFGAMING\Intranet\.venv\Lib\site-packages\django\core\handlers\exception.py", line 55, in inner
    response = get_response(request)
               ^^^^^^^^^^^^^^^^^^^^^
  File "C:\Users\DAUD.TUFGAMING\Intranet\.venv\Lib\site-packages\django\core\handlers\base.py", line 198, in _get_response
    response = wrapped_callback(request, *callback_args, **callback_kwargs)
               ^^^^^^^^^^^^^^^^^^^^^^^^^^^^^^^^^^^^^^^^^^^^^^^^^^^^^^^^^^^^
  File "C:\Users\DAUD.TUFGAMING\Intranet\.venv\Lib\site-packages\django\views\decorators\csrf.py", line 65, in _view_wrapper
    return view_func(request, *args, **kwargs)
           ^^^^^^^^^^^^^^^^^^^^^^^^^^^^^^^^^^^
  File "C:\Users\DAUD.TUFGAMING\Intranet\.venv\Lib\site-packages\rest_framework\viewsets.py", line 125, in view
    return self.dispatch(request, *args, **kwargs)
           ^^^^^^^^^^^^^^^^^^^^^^^^^^^^^^^^^^^^^^^
  File "C:\Users\DAUD.TUFGAMING\Intranet\.venv\Lib\site-packages\rest_framework\views.py", line 515, in dispatch
    response = self.handle_exception(exc)
               ^^^^^^^^^^^^^^^^^^^^^^^^^^
  File "C:\Users\DAUD.TUFGAMING\Intranet\.venv\Lib\site-packages\rest_framework\views.py", line 475, in handle_exception
    self.raise_uncaught_exception(exc)
  File "C:\Users\DAUD.TUFGAMING\Intranet\.venv\Lib\site-packages\rest_framework\views.py", line 486, in raise_uncaught_exception
    raise exc
  File "C:\Users\DAUD.TUFGAMING\Intranet\.venv\Lib\site-packages\rest_framework\views.py", line 503, in dispatch
    self.initial(request, *args, **kwargs)
  File "C:\Users\DAUD.TUFGAMING\Intranet\.venv\Lib\site-packages\rest_framework\views.py", line 421, in initial
    self.check_permissions(request)
  File "C:\Users\DAUD.TUFGAMING\Intranet\.venv\Lib\site-packages\rest_framework\views.py", line 337, in check_permissions
    for permission in self.get_permissions():
                      ^^^^^^^^^^^^^^^^^^^^^^
  File "C:\Users\DAUD.TUFGAMING\Intranet\intranet_backend\tickets\views.py", line 19, in get_permissions
    return [IsAuthenticated()]
            ^^^^^^^^^^^^^^^
NameError: name 'IsAuthenticated' is not defined
ERROR 2026-03-25 13:46:43,208 log 12048 31952 "GET /api/tickets/ HTTP/1.1" 500 116122
INFO 2026-03-25 13:47:31,773 log 12048 31952 "GET /api/departments/ HTTP/1.1" 200 139
INFO 2026-03-25 13:47:31,777 log 12048 31952 "GET /api/departments/ HTTP/1.1" 200 139
INFO 2026-03-25 13:47:34,278 log 12048 31952 "OPTIONS /api/departments/4/ HTTP/1.1" 200 0
INFO 2026-03-25 13:47:34,290 log 12048 31952 "DELETE /api/departments/4/ HTTP/1.1" 204 0
INFO 2026-03-25 13:47:34,981 log 12048 22224 "GET /api/departments/ HTTP/1.1" 200 2
INFO 2026-03-25 13:47:34,982 log 12048 17008 "GET /api/employees/ HTTP/1.1" 200 2
INFO 2026-03-25 13:47:34,984 log 12048 32140 "GET /api/departments/ HTTP/1.1" 200 2
INFO 2026-03-25 13:47:34,987 log 12048 17008 "GET /api/employees/ HTTP/1.1" 200 2
ERROR 2026-03-25 13:47:35,004 log 12048 31952 Internal Server Error: /api/tickets/
Traceback (most recent call last):
  File "C:\Users\DAUD.TUFGAMING\Intranet\.venv\Lib\site-packages\django\core\handlers\exception.py", line 55, in inner
    response = get_response(request)
               ^^^^^^^^^^^^^^^^^^^^^
  File "C:\Users\DAUD.TUFGAMING\Intranet\.venv\Lib\site-packages\django\core\handlers\base.py", line 198, in _get_response
    response = wrapped_callback(request, *callback_args, **callback_kwargs)
               ^^^^^^^^^^^^^^^^^^^^^^^^^^^^^^^^^^^^^^^^^^^^^^^^^^^^^^^^^^^^
  File "C:\Users\DAUD.TUFGAMING\Intranet\.venv\Lib\site-packages\django\views\decorators\csrf.py", line 65, in _view_wrapper
    return view_func(request, *args, **kwargs)
           ^^^^^^^^^^^^^^^^^^^^^^^^^^^^^^^^^^^
  File "C:\Users\DAUD.TUFGAMING\Intranet\.venv\Lib\site-packages\rest_framework\viewsets.py", line 125, in view
    return self.dispatch(request, *args, **kwargs)
           ^^^^^^^^^^^^^^^^^^^^^^^^^^^^^^^^^^^^^^^
  File "C:\Users\DAUD.TUFGAMING\Intranet\.venv\Lib\site-packages\rest_framework\views.py", line 515, in dispatch
    response = self.handle_exception(exc)
               ^^^^^^^^^^^^^^^^^^^^^^^^^^
  File "C:\Users\DAUD.TUFGAMING\Intranet\.venv\Lib\site-packages\rest_framework\views.py", line 475, in handle_exception
    self.raise_uncaught_exception(exc)
  File "C:\Users\DAUD.TUFGAMING\Intranet\.venv\Lib\site-packages\rest_framework\views.py", line 486, in raise_uncaught_exception
    raise exc
  File "C:\Users\DAUD.TUFGAMING\Intranet\.venv\Lib\site-packages\rest_framework\views.py", line 503, in dispatch
    self.initial(request, *args, **kwargs)
  File "C:\Users\DAUD.TUFGAMING\Intranet\.venv\Lib\site-packages\rest_framework\views.py", line 421, in initial
    self.check_permissions(request)
  File "C:\Users\DAUD.TUFGAMING\Intranet\.venv\Lib\site-packages\rest_framework\views.py", line 337, in check_permissions
    for permission in self.get_permissions():
                      ^^^^^^^^^^^^^^^^^^^^^^
  File "C:\Users\DAUD.TUFGAMING\Intranet\intranet_backend\tickets\views.py", line 19, in get_permissions
    return [IsAuthenticated()]
            ^^^^^^^^^^^^^^^
NameError: name 'IsAuthenticated' is not defined
ERROR 2026-03-25 13:47:35,009 log 12048 31952 "GET /api/tickets/ HTTP/1.1" 500 116122
ERROR 2026-03-25 13:47:35,038 log 12048 17008 Internal Server Error: /api/tickets/
Traceback (most recent call last):
  File "C:\Users\DAUD.TUFGAMING\Intranet\.venv\Lib\site-packages\django\core\handlers\exception.py", line 55, in inner
    response = get_response(request)
               ^^^^^^^^^^^^^^^^^^^^^
  File "C:\Users\DAUD.TUFGAMING\Intranet\.venv\Lib\site-packages\django\core\handlers\base.py", line 198, in _get_response
    response = wrapped_callback(request, *callback_args, **callback_kwargs)
               ^^^^^^^^^^^^^^^^^^^^^^^^^^^^^^^^^^^^^^^^^^^^^^^^^^^^^^^^^^^^
  File "C:\Users\DAUD.TUFGAMING\Intranet\.venv\Lib\site-packages\django\views\decorators\csrf.py", line 65, in _view_wrapper
    return view_func(request, *args, **kwargs)
           ^^^^^^^^^^^^^^^^^^^^^^^^^^^^^^^^^^^
  File "C:\Users\DAUD.TUFGAMING\Intranet\.venv\Lib\site-packages\rest_framework\viewsets.py", line 125, in view
    return self.dispatch(request, *args, **kwargs)
           ^^^^^^^^^^^^^^^^^^^^^^^^^^^^^^^^^^^^^^^
  File "C:\Users\DAUD.TUFGAMING\Intranet\.venv\Lib\site-packages\rest_framework\views.py", line 515, in dispatch
    response = self.handle_exception(exc)
               ^^^^^^^^^^^^^^^^^^^^^^^^^^
  File "C:\Users\DAUD.TUFGAMING\Intranet\.venv\Lib\site-packages\rest_framework\views.py", line 475, in handle_exception
    self.raise_uncaught_exception(exc)
  File "C:\Users\DAUD.TUFGAMING\Intranet\.venv\Lib\site-packages\rest_framework\views.py", line 486, in raise_uncaught_exception
    raise exc
  File "C:\Users\DAUD.TUFGAMING\Intranet\.venv\Lib\site-packages\rest_framework\views.py", line 503, in dispatch
    self.initial(request, *args, **kwargs)
  File "C:\Users\DAUD.TUFGAMING\Intranet\.venv\Lib\site-packages\rest_framework\views.py", line 421, in initial
    self.check_permissions(request)
  File "C:\Users\DAUD.TUFGAMING\Intranet\.venv\Lib\site-packages\rest_framework\views.py", line 337, in check_permissions
    for permission in self.get_permissions():
                      ^^^^^^^^^^^^^^^^^^^^^^
  File "C:\Users\DAUD.TUFGAMING\Intranet\intranet_backend\tickets\views.py", line 19, in get_permissions
    return [IsAuthenticated()]
            ^^^^^^^^^^^^^^^
NameError: name 'IsAuthenticated' is not defined
ERROR 2026-03-25 13:47:35,043 log 12048 17008 "GET /api/tickets/ HTTP/1.1" 500 116122
INFO 2026-03-25 13:49:40,514 autoreload 12048 15200 C:\Users\DAUD.TUFGAMING\Intranet\intranet_backend\tickets\views.py changed, reloading.
INFO 2026-03-25 13:49:41,944 autoreload 33836 24180 Watching for file changes with StatReloader
INFO 2026-03-25 13:50:19,314 autoreload 33836 24180 C:\Users\DAUD.TUFGAMING\Intranet\intranet_backend\tickets\permissions.py changed, reloading.
INFO 2026-03-25 13:50:20,605 autoreload 33068 12372 Watching for file changes with StatReloader
INFO 2026-03-25 13:50:31,949 autoreload 33068 12372 C:\Users\DAUD.TUFGAMING\Intranet\intranet_backend\tickets\permissions.py changed, reloading.
INFO 2026-03-25 13:50:33,249 autoreload 27480 26968 Watching for file changes with StatReloader
INFO 2026-03-25 13:50:46,906 autoreload 27480 26968 C:\Users\DAUD.TUFGAMING\Intranet\intranet_backend\tickets\permissions.py changed, reloading.
INFO 2026-03-25 13:50:48,358 autoreload 32924 29396 Watching for file changes with StatReloader
INFO 2026-03-25 13:50:53,739 autoreload 32924 29396 C:\Users\DAUD.TUFGAMING\Intranet\intranet_backend\tickets\views.py changed, reloading.
INFO 2026-03-25 13:50:54,989 autoreload 31872 3392 Watching for file changes with StatReloader
INFO 2026-03-25 13:51:08,876 log 31872 34780 "GET /api/departments/ HTTP/1.1" 200 2
INFO 2026-03-25 13:51:08,876 log 31872 29372 "GET /api/employees/ HTTP/1.1" 200 2
INFO 2026-03-25 13:51:08,876 log 31872 7856 "GET /api/tickets/ HTTP/1.1" 200 2
INFO 2026-03-25 13:51:08,887 log 31872 34780 "GET /api/departments/ HTTP/1.1" 200 2
INFO 2026-03-25 13:51:08,890 log 31872 7856 "GET /api/tickets/ HTTP/1.1" 200 2
INFO 2026-03-25 13:51:08,890 log 31872 29372 "GET /api/employees/ HTTP/1.1" 200 2
INFO 2026-03-25 13:51:19,700 log 31872 29372 "GET /api/departments/ HTTP/1.1" 200 2
INFO 2026-03-25 13:51:19,704 log 31872 29372 "GET /api/departments/ HTTP/1.1" 200 2
INFO 2026-03-25 13:51:27,366 log 31872 29372 "POST /api/departments/ HTTP/1.1" 201 132
INFO 2026-03-25 13:51:28,754 log 31872 7856 "GET /api/departments/ HTTP/1.1" 200 134
INFO 2026-03-25 13:51:28,754 log 31872 29372 "GET /api/tickets/ HTTP/1.1" 200 2
INFO 2026-03-25 13:51:28,754 log 31872 34780 "GET /api/employees/ HTTP/1.1" 200 2
INFO 2026-03-25 13:51:28,766 log 31872 7856 "GET /api/departments/ HTTP/1.1" 200 134
INFO 2026-03-25 13:51:28,766 log 31872 34780 "GET /api/tickets/ HTTP/1.1" 200 2
INFO 2026-03-25 13:51:28,766 log 31872 29372 "GET /api/employees/ HTTP/1.1" 200 2
INFO 2026-03-25 13:51:29,458 log 31872 34780 "GET /api/departments/ HTTP/1.1" 200 134
INFO 2026-03-25 13:51:29,463 log 31872 29372 "GET /api/employees/ HTTP/1.1" 200 2
INFO 2026-03-25 13:51:29,470 log 31872 34780 "GET /api/departments/ HTTP/1.1" 200 134
INFO 2026-03-25 13:51:29,470 log 31872 29372 "GET /api/employees/ HTTP/1.1" 200 2
INFO 2026-03-25 13:51:32,002 log 31872 29372 "GET /api/tickets/ HTTP/1.1" 200 2
INFO 2026-03-25 13:51:32,002 log 31872 34780 "GET /api/departments/ HTTP/1.1" 200 134
INFO 2026-03-25 13:51:32,003 log 31872 7856 "GET /api/employees/ HTTP/1.1" 200 2
INFO 2026-03-25 13:51:32,010 log 31872 29372 "GET /api/departments/ HTTP/1.1" 200 134
INFO 2026-03-25 13:51:32,014 log 31872 7856 "GET /api/employees/ HTTP/1.1" 200 2
INFO 2026-03-25 13:51:32,015 log 31872 1972 "GET /api/tickets/ HTTP/1.1" 200 2
INFO 2026-03-25 13:51:48,814 log 31872 1972 "POST /api/tickets/ HTTP/1.1" 201 281
INFO 2026-03-25 13:51:57,507 log 31872 1972 "GET /api/employees/ HTTP/1.1" 200 2
INFO 2026-03-25 13:51:57,508 log 31872 7856 "GET /api/departments/ HTTP/1.1" 200 134
INFO 2026-03-25 13:51:57,513 log 31872 1972 "GET /api/employees/ HTTP/1.1" 200 2
INFO 2026-03-25 13:51:57,514 log 31872 7856 "GET /api/departments/ HTTP/1.1" 200 134
INFO 2026-03-25 13:52:13,257 log 31872 7856 "POST /api/employees/ HTTP/1.1" 201 151
INFO 2026-03-25 13:52:16,316 log 31872 7856 "GET /api/tickets/ HTTP/1.1" 200 283
INFO 2026-03-25 13:52:16,317 log 31872 1972 "GET /api/employees/ HTTP/1.1" 200 153
INFO 2026-03-25 13:52:16,317 log 31872 29372 "GET /api/departments/ HTTP/1.1" 200 134
INFO 2026-03-25 13:52:16,328 log 31872 7856 "GET /api/tickets/ HTTP/1.1" 200 283
INFO 2026-03-25 13:52:16,328 log 31872 29372 "GET /api/departments/ HTTP/1.1" 200 134
INFO 2026-03-25 13:52:16,328 log 31872 1972 "GET /api/employees/ HTTP/1.1" 200 153
INFO 2026-03-25 13:52:19,005 log 31872 7856 "OPTIONS /api/tickets/1/assign/ HTTP/1.1" 200 0
INFO 2026-03-25 13:52:19,028 log 31872 7856 "POST /api/tickets/1/assign/ HTTP/1.1" 200 281
INFO 2026-03-25 13:52:19,865 log 31872 7856 "OPTIONS /api/tickets/1/change-status/ HTTP/1.1" 200 0
INFO 2026-03-25 13:52:19,887 log 31872 7856 "POST /api/tickets/1/change-status/ HTTP/1.1" 200 288
INFO 2026-03-25 13:52:21,355 log 31872 7856 "POST /api/tickets/1/change-status/ HTTP/1.1" 200 283
INFO 2026-03-25 13:52:27,089 log 31872 7856 "GET /api/departments/ HTTP/1.1" 200 134
INFO 2026-03-25 13:52:27,093 log 31872 7856 "GET /api/departments/ HTTP/1.1" 200 134
INFO 2026-03-25 13:52:28,935 log 31872 7856 "GET /api/departments/ HTTP/1.1" 200 134
INFO 2026-03-25 13:52:28,941 log 31872 7856 "GET /api/departments/ HTTP/1.1" 200 134
INFO 2026-03-25 13:52:29,659 log 31872 7856 "GET /api/departments/ HTTP/1.1" 200 134
INFO 2026-03-25 13:52:29,664 log 31872 7856 "GET /api/departments/ HTTP/1.1" 200 134
INFO 2026-03-25 13:52:30,313 log 31872 7856 "GET /api/employees/ HTTP/1.1" 200 153
INFO 2026-03-25 13:52:30,313 log 31872 29372 "GET /api/departments/ HTTP/1.1" 200 134
INFO 2026-03-25 13:52:30,320 log 31872 29372 "GET /api/employees/ HTTP/1.1" 200 153
INFO 2026-03-25 13:52:30,321 log 31872 7856 "GET /api/departments/ HTTP/1.1" 200 134
INFO 2026-03-25 13:52:30,960 log 31872 29372 "GET /api/departments/ HTTP/1.1" 200 134
INFO 2026-03-25 13:52:30,960 log 31872 7856 "GET /api/tickets/ HTTP/1.1" 200 285
INFO 2026-03-25 13:52:30,960 log 31872 1972 "GET /api/employees/ HTTP/1.1" 200 153
INFO 2026-03-25 13:52:30,970 log 31872 1972 "GET /api/tickets/ HTTP/1.1" 200 285
INFO 2026-03-25 13:52:30,970 log 31872 7856 "GET /api/employees/ HTTP/1.1" 200 153
INFO 2026-03-25 13:52:30,970 log 31872 29372 "GET /api/departments/ HTTP/1.1" 200 134
INFO 2026-03-25 13:52:31,949 log 31872 7856 "OPTIONS /api/documents/ HTTP/1.1" 200 0
INFO 2026-03-25 13:52:31,955 log 31872 29372 "OPTIONS /api/documents/ HTTP/1.1" 200 0
INFO 2026-03-25 13:52:31,961 log 31872 7856 "GET /api/departments/ HTTP/1.1" 200 134
INFO 2026-03-25 13:52:31,961 log 31872 7856 "GET /api/departments/ HTTP/1.1" 200 134
ERROR 2026-03-25 13:52:31,977 log 31872 1972 Internal Server Error: /api/documents/
Traceback (most recent call last):
  File "C:\Users\DAUD.TUFGAMING\Intranet\.venv\Lib\site-packages\django\core\handlers\exception.py", line 55, in inner
    response = get_response(request)
               ^^^^^^^^^^^^^^^^^^^^^
  File "C:\Users\DAUD.TUFGAMING\Intranet\.venv\Lib\site-packages\django\core\handlers\base.py", line 198, in _get_response
    response = wrapped_callback(request, *callback_args, **callback_kwargs)
               ^^^^^^^^^^^^^^^^^^^^^^^^^^^^^^^^^^^^^^^^^^^^^^^^^^^^^^^^^^^^
  File "C:\Users\DAUD.TUFGAMING\Intranet\.venv\Lib\site-packages\django\views\decorators\csrf.py", line 65, in _view_wrapper
    return view_func(request, *args, **kwargs)
           ^^^^^^^^^^^^^^^^^^^^^^^^^^^^^^^^^^^
  File "C:\Users\DAUD.TUFGAMING\Intranet\.venv\Lib\site-packages\rest_framework\viewsets.py", line 125, in view
    return self.dispatch(request, *args, **kwargs)
           ^^^^^^^^^^^^^^^^^^^^^^^^^^^^^^^^^^^^^^^
  File "C:\Users\DAUD.TUFGAMING\Intranet\.venv\Lib\site-packages\rest_framework\views.py", line 515, in dispatch
    response = self.handle_exception(exc)
               ^^^^^^^^^^^^^^^^^^^^^^^^^^
  File "C:\Users\DAUD.TUFGAMING\Intranet\.venv\Lib\site-packages\rest_framework\views.py", line 475, in handle_exception
    self.raise_uncaught_exception(exc)
  File "C:\Users\DAUD.TUFGAMING\Intranet\.venv\Lib\site-packages\rest_framework\views.py", line 486, in raise_uncaught_exception
    raise exc
  File "C:\Users\DAUD.TUFGAMING\Intranet\.venv\Lib\site-packages\rest_framework\views.py", line 503, in dispatch
    self.initial(request, *args, **kwargs)
  File "C:\Users\DAUD.TUFGAMING\Intranet\.venv\Lib\site-packages\rest_framework\views.py", line 421, in initial
    self.check_permissions(request)
  File "C:\Users\DAUD.TUFGAMING\Intranet\.venv\Lib\site-packages\rest_framework\views.py", line 337, in check_permissions
    for permission in self.get_permissions():
                      ^^^^^^^^^^^^^^^^^^^^^^
  File "C:\Users\DAUD.TUFGAMING\Intranet\intranet_backend\documents\views.py", line 18, in get_permissions
    return [IsAuthenticated()]
            ^^^^^^^^^^^^^^^
NameError: name 'IsAuthenticated' is not defined
ERROR 2026-03-25 13:52:31,990 log 31872 1972 "GET /api/documents/ HTTP/1.1" 500 116208
ERROR 2026-03-25 13:52:32,020 log 31872 7856 Internal Server Error: /api/documents/
Traceback (most recent call last):
  File "C:\Users\DAUD.TUFGAMING\Intranet\.venv\Lib\site-packages\django\core\handlers\exception.py", line 55, in inner
    response = get_response(request)
               ^^^^^^^^^^^^^^^^^^^^^
  File "C:\Users\DAUD.TUFGAMING\Intranet\.venv\Lib\site-packages\django\core\handlers\base.py", line 198, in _get_response
    response = wrapped_callback(request, *callback_args, **callback_kwargs)
               ^^^^^^^^^^^^^^^^^^^^^^^^^^^^^^^^^^^^^^^^^^^^^^^^^^^^^^^^^^^^
  File "C:\Users\DAUD.TUFGAMING\Intranet\.venv\Lib\site-packages\django\views\decorators\csrf.py", line 65, in _view_wrapper
    return view_func(request, *args, **kwargs)
           ^^^^^^^^^^^^^^^^^^^^^^^^^^^^^^^^^^^
  File "C:\Users\DAUD.TUFGAMING\Intranet\.venv\Lib\site-packages\rest_framework\viewsets.py", line 125, in view
    return self.dispatch(request, *args, **kwargs)
           ^^^^^^^^^^^^^^^^^^^^^^^^^^^^^^^^^^^^^^^
  File "C:\Users\DAUD.TUFGAMING\Intranet\.venv\Lib\site-packages\rest_framework\views.py", line 515, in dispatch
    response = self.handle_exception(exc)
               ^^^^^^^^^^^^^^^^^^^^^^^^^^
  File "C:\Users\DAUD.TUFGAMING\Intranet\.venv\Lib\site-packages\rest_framework\views.py", line 475, in handle_exception
    self.raise_uncaught_exception(exc)
  File "C:\Users\DAUD.TUFGAMING\Intranet\.venv\Lib\site-packages\rest_framework\views.py", line 486, in raise_uncaught_exception
    raise exc
  File "C:\Users\DAUD.TUFGAMING\Intranet\.venv\Lib\site-packages\rest_framework\views.py", line 503, in dispatch
    self.initial(request, *args, **kwargs)
  File "C:\Users\DAUD.TUFGAMING\Intranet\.venv\Lib\site-packages\rest_framework\views.py", line 421, in initial
    self.check_permissions(request)
  File "C:\Users\DAUD.TUFGAMING\Intranet\.venv\Lib\site-packages\rest_framework\views.py", line 337, in check_permissions
    for permission in self.get_permissions():
                      ^^^^^^^^^^^^^^^^^^^^^^
  File "C:\Users\DAUD.TUFGAMING\Intranet\intranet_backend\documents\views.py", line 18, in get_permissions
    return [IsAuthenticated()]
            ^^^^^^^^^^^^^^^
NameError: name 'IsAuthenticated' is not defined
ERROR 2026-03-25 13:52:32,026 log 31872 7856 "GET /api/documents/ HTTP/1.1" 500 116208
INFO 2026-03-25 13:53:20,501 autoreload 31872 3392 C:\Users\DAUD.TUFGAMING\Intranet\intranet_backend\documents\permissions.py changed, reloading.
INFO 2026-03-25 13:53:21,875 autoreload 5364 6272 Watching for file changes with StatReloader
INFO 2026-03-25 13:53:23,757 autoreload 5364 6272 C:\Users\DAUD.TUFGAMING\Intranet\intranet_backend\documents\permissions.py changed, reloading.
INFO 2026-03-25 13:53:25,028 autoreload 29896 16972 Watching for file changes with StatReloader
INFO 2026-03-25 13:53:29,236 autoreload 29896 16972 C:\Users\DAUD.TUFGAMING\Intranet\intranet_backend\documents\views.py changed, reloading.
INFO 2026-03-25 13:53:30,548 autoreload 30476 6472 Watching for file changes with StatReloader
INFO 2026-03-25 13:53:34,723 autoreload 30476 6472 C:\Users\DAUD.TUFGAMING\Intranet\intranet_backend\documents\views.py changed, reloading.
INFO 2026-03-25 13:53:35,906 autoreload 11252 17136 Watching for file changes with StatReloader
INFO 2026-03-25 13:53:37,741 log 11252 30584 "GET /api/departments/ HTTP/1.1" 200 134
INFO 2026-03-25 13:53:37,741 log 11252 30584 "GET /api/departments/ HTTP/1.1" 200 134
INFO 2026-03-25 13:53:39,690 log 11252 30584 "GET /api/documents/ HTTP/1.1" 200 2
INFO 2026-03-25 13:53:39,694 log 11252 30584 "GET /api/documents/ HTTP/1.1" 200 2
INFO 2026-03-25 13:53:39,698 log 11252 29484 "GET /api/departments/ HTTP/1.1" 200 134
INFO 2026-03-25 13:53:39,700 log 11252 29484 "GET /api/departments/ HTTP/1.1" 200 134
INFO 2026-03-25 13:53:41,669 log 11252 30584 "GET /api/departments/ HTTP/1.1" 200 134
INFO 2026-03-25 13:53:41,673 log 11252 29484 "GET /api/documents/ HTTP/1.1" 200 2
INFO 2026-03-25 13:53:41,677 log 11252 30584 "GET /api/departments/ HTTP/1.1" 200 134
INFO 2026-03-25 13:53:41,679 log 11252 29484 "GET /api/documents/ HTTP/1.1" 200 2
INFO 2026-03-25 13:53:42,235 log 11252 29484 "GET /api/departments/ HTTP/1.1" 200 134
INFO 2026-03-25 13:53:42,239 log 11252 29484 "GET /api/departments/ HTTP/1.1" 200 134
INFO 2026-03-25 13:53:42,797 log 11252 29484 "GET /api/employees/ HTTP/1.1" 200 153
INFO 2026-03-25 13:53:42,798 log 11252 30584 "GET /api/departments/ HTTP/1.1" 200 134
INFO 2026-03-25 13:53:42,802 log 11252 29484 "GET /api/departments/ HTTP/1.1" 200 134
INFO 2026-03-25 13:53:42,802 log 11252 30584 "GET /api/employees/ HTTP/1.1" 200 153
INFO 2026-03-25 13:53:43,260 log 11252 29484 "GET /api/departments/ HTTP/1.1" 200 134
INFO 2026-03-25 13:53:43,260 log 11252 27912 "GET /api/employees/ HTTP/1.1" 200 153
INFO 2026-03-25 13:53:43,267 log 11252 29484 "GET /api/departments/ HTTP/1.1" 200 134
INFO 2026-03-25 13:53:43,267 log 11252 27912 "GET /api/employees/ HTTP/1.1" 200 153
INFO 2026-03-25 13:53:43,267 log 11252 30584 "GET /api/tickets/ HTTP/1.1" 200 285
INFO 2026-03-25 13:53:43,276 log 11252 30584 "GET /api/tickets/ HTTP/1.1" 200 285
INFO 2026-03-25 13:53:44,148 log 11252 27912 "GET /api/departments/ HTTP/1.1" 200 134
INFO 2026-03-25 13:53:44,148 log 11252 30584 "GET /api/documents/ HTTP/1.1" 200 2
INFO 2026-03-25 13:53:44,154 log 11252 30584 "GET /api/departments/ HTTP/1.1" 200 134
INFO 2026-03-25 13:53:44,155 log 11252 27912 "GET /api/documents/ HTTP/1.1" 200 2
INFO 2026-03-25 13:53:59,514 log 11252 27912 "POST /api/documents/ HTTP/1.1" 201 274
INFO 2026-03-25 13:54:04,910 log 11252 27912 "OPTIONS /api/documents/1/ HTTP/1.1" 200 0
INFO 2026-03-25 13:54:04,924 log 11252 27912 "DELETE /api/documents/1/ HTTP/1.1" 204 0
INFO 2026-03-25 13:54:05,753 log 11252 30584 "GET /api/departments/ HTTP/1.1" 200 134
INFO 2026-03-25 13:54:05,753 log 11252 29484 "GET /api/employees/ HTTP/1.1" 200 153
INFO 2026-03-25 13:54:05,758 log 11252 27912 "GET /api/tickets/ HTTP/1.1" 200 285
INFO 2026-03-25 13:54:05,764 log 11252 30584 "GET /api/employees/ HTTP/1.1" 200 153
INFO 2026-03-25 13:54:05,766 log 11252 29484 "GET /api/departments/ HTTP/1.1" 200 134
INFO 2026-03-25 13:54:05,768 log 11252 27912 "GET /api/tickets/ HTTP/1.1" 200 285
INFO 2026-03-25 13:54:15,017 log 11252 27912 "OPTIONS /api/tickets/1/ HTTP/1.1" 200 0
INFO 2026-03-25 13:54:15,046 log 11252 27912 "DELETE /api/tickets/1/ HTTP/1.1" 204 0
INFO 2026-03-25 13:58:55,794 log 11252 27912 "GET /api/tickets/ HTTP/1.1" 200 2
INFO 2026-03-25 13:58:55,794 log 11252 30584 "GET /api/employees/ HTTP/1.1" 200 153
INFO 2026-03-25 13:58:55,801 log 11252 29484 "GET /api/departments/ HTTP/1.1" 200 134
INFO 2026-03-25 13:59:23,469 log 11252 29484 "GET /api/departments/ HTTP/1.1" 200 134
INFO 2026-03-25 13:59:23,474 log 11252 29484 "GET /api/departments/ HTTP/1.1" 200 134
INFO 2026-03-25 13:59:25,217 log 11252 30584 "GET /api/departments/ HTTP/1.1" 200 134
INFO 2026-03-25 13:59:25,217 log 11252 29484 "GET /api/employees/ HTTP/1.1" 200 153
INFO 2026-03-25 13:59:25,224 log 11252 30584 "GET /api/departments/ HTTP/1.1" 200 134
INFO 2026-03-25 13:59:25,224 log 11252 29484 "GET /api/employees/ HTTP/1.1" 200 153
INFO 2026-03-25 13:59:25,911 log 11252 30584 "GET /api/departments/ HTTP/1.1" 200 134
INFO 2026-03-25 13:59:25,912 log 11252 27912 "GET /api/employees/ HTTP/1.1" 200 153
INFO 2026-03-25 13:59:25,919 log 11252 30584 "GET /api/departments/ HTTP/1.1" 200 134
INFO 2026-03-25 13:59:25,919 log 11252 29484 "GET /api/tickets/ HTTP/1.1" 200 2
INFO 2026-03-25 13:59:25,919 log 11252 27912 "GET /api/employees/ HTTP/1.1" 200 153
INFO 2026-03-25 13:59:25,925 log 11252 29484 "GET /api/tickets/ HTTP/1.1" 200 2
INFO 2026-03-25 13:59:26,796 log 11252 29484 "GET /api/employees/ HTTP/1.1" 200 153
INFO 2026-03-25 13:59:26,796 log 11252 30584 "GET /api/departments/ HTTP/1.1" 200 134
INFO 2026-03-25 13:59:26,804 log 11252 30584 "GET /api/employees/ HTTP/1.1" 200 153
INFO 2026-03-25 13:59:26,804 log 11252 29484 "GET /api/departments/ HTTP/1.1" 200 134
INFO 2026-03-25 13:59:32,694 log 11252 29484 "OPTIONS /api/employees/2/ HTTP/1.1" 200 0
INFO 2026-03-25 13:59:32,712 log 11252 29484 "DELETE /api/employees/2/ HTTP/1.1" 204 0
INFO 2026-03-25 13:59:34,058 log 11252 29484 "GET /api/departments/ HTTP/1.1" 200 134
INFO 2026-03-25 13:59:34,062 log 11252 29484 "GET /api/departments/ HTTP/1.1" 200 134
INFO 2026-03-25 13:59:40,182 log 11252 29484 "OPTIONS /api/departments/5/ HTTP/1.1" 200 0
INFO 2026-03-25 13:59:40,192 log 11252 29484 "DELETE /api/departments/5/ HTTP/1.1" 204 0
INFO 2026-03-25 14:00:09,857 log 11252 29484 "POST /api/departments/ HTTP/1.1" 201 131
INFO 2026-03-25 14:00:11,125 log 11252 29484 "GET /api/employees/ HTTP/1.1" 200 2
INFO 2026-03-25 14:00:11,125 log 11252 30584 "GET /api/departments/ HTTP/1.1" 200 133
INFO 2026-03-25 14:00:11,132 log 11252 30584 "GET /api/employees/ HTTP/1.1" 200 2
INFO 2026-03-25 14:00:11,132 log 11252 29484 "GET /api/departments/ HTTP/1.1" 200 133
INFO 2026-03-25 14:00:43,616 log 11252 29484 "POST /api/employees/ HTTP/1.1" 201 123
INFO 2026-03-25 14:01:24,609 log 11252 29484 "OPTIONS /api/employees/3/ HTTP/1.1" 200 0
INFO 2026-03-25 14:01:24,637 log 11252 29484 "DELETE /api/employees/3/ HTTP/1.1" 204 0
INFO 2026-03-25 14:04:44,245 log 11252 30584 "GET /api/departments/ HTTP/1.1" 200 133
INFO 2026-03-25 14:04:44,245 log 11252 29484 "GET /api/employees/ HTTP/1.1" 200 2
INFO 2026-03-25 14:05:24,846 log 11252 29484 "GET /api/employees/ HTTP/1.1" 200 2
INFO 2026-03-25 14:05:24,846 log 11252 30584 "GET /api/departments/ HTTP/1.1" 200 133
INFO 2026-03-25 14:05:24,853 log 11252 29484 "GET /api/employees/ HTTP/1.1" 200 2
INFO 2026-03-25 14:05:24,854 log 11252 30584 "GET /api/departments/ HTTP/1.1" 200 133
INFO 2026-03-25 14:06:14,236 autoreload 11252 17136 C:\Users\DAUD.TUFGAMING\Intranet\intranet_backend\employees\serializers.py changed, reloading.
INFO 2026-03-25 14:06:15,585 autoreload 31972 16108 Watching for file changes with StatReloader
INFO 2026-03-25 14:06:35,147 autoreload 31972 16108 C:\Users\DAUD.TUFGAMING\Intranet\intranet_backend\employees\views.py changed, reloading.
INFO 2026-03-25 14:06:36,475 autoreload 23088 30184 Watching for file changes with StatReloader
